[debug] [2022-09-16T06:25:31.453Z] ----------------------------------------------------------------------
[debug] [2022-09-16T06:25:31.455Z] Command:       /usr/local/Cellar/node@16/16.16.0/bin/node /usr/local/bin/firebase init
[debug] [2022-09-16T06:25:31.456Z] CLI Version:   11.9.0
[debug] [2022-09-16T06:25:31.456Z] Platform:      darwin
[debug] [2022-09-16T06:25:31.456Z] Node Version:  v16.16.0
[debug] [2022-09-16T06:25:31.457Z] Time:          Fri Sep 16 2022 14:25:31 GMT+0800 (Singapore Standard Time)
[debug] [2022-09-16T06:25:31.457Z] ----------------------------------------------------------------------
[debug] 
[debug] [2022-09-16T06:25:31.459Z] >>> [apiv2][query] GET https://firebase-public.firebaseio.com/cli.json [none]
[debug] [2022-09-16T06:25:31.484Z] > command requires scopes: ["email","openid","https://www.googleapis.com/auth/cloudplatformprojects.readonly","https://www.googleapis.com/auth/firebase","https://www.googleapis.com/auth/cloud-platform"]
[debug] [2022-09-16T06:25:31.484Z] > authorizing via signed-in user (timothytan94@gmail.com)
[info] 
     ######## #### ########  ######## ########     ###     ######  ########
     ##        ##  ##     ## ##       ##     ##  ##   ##  ##       ##
     ######    ##  ########  ######   ########  #########  ######  ######
     ##        ##  ##    ##  ##       ##     ## ##     ##       ## ##
     ##       #### ##     ## ######## ########  ##     ##  ######  ########

You're about to initialize a Firebase project in this directory:

  /Users/timo/Documents/bootcamp/m3/Project3/Project3-tindev-frontend

[debug] [2022-09-16T06:25:32.055Z] <<< [apiv2][status] GET https://firebase-public.firebaseio.com/cli.json 200
[debug] [2022-09-16T06:25:32.055Z] <<< [apiv2][body] GET https://firebase-public.firebaseio.com/cli.json {"cloudBuildErrorAfter":1594252800000,"cloudBuildWarnAfter":1590019200000,"defaultNode10After":1594252800000,"minVersion":"3.0.5","node8DeploysDisabledAfter":1613390400000,"node8RuntimeDisabledAfter":1615809600000,"node8WarnAfter":1600128000000}
